<?xml version="1.0" encoding="UTF-8"?>
<!-- Generated by org.testng.reporters.JUnitReportReporter -->
<testsuite skipped="0" hostname="PT-PTL-034" name="com.pratian.apiassignemt.tests.books.PostAuthors" tests="3" failures="0" timestamp="07 Feb 2020 08:58:33 GMT" time="1.018" errors="0">
  <testcase name="post" time="0.331" classname="com.pratian.apiassignemt.tests.books.PostAuthors"/>
  <testcase name="post" time="0.339" classname="com.pratian.apiassignemt.tests.books.PostAuthors"/>
  <testcase name="post" time="0.348" classname="com.pratian.apiassignemt.tests.books.PostAuthors"/>
</testsuite> <!-- com.pratian.apiassignemt.tests.books.PostAuthors -->
