<?xml version="1.0" encoding="UTF-8"?>
<!-- Generated by org.testng.reporters.JUnitReportReporter -->
<testsuite skipped="0" hostname="PT-PTL-034" name="com.pratian.apiassignemt.tests.books.GetAuthors" tests="7" failures="0" timestamp="07 Feb 2020 08:58:33 GMT" time="2.365" errors="0">
  <testcase name="getAuthorById" time="0.325" classname="com.pratian.apiassignemt.tests.books.GetAuthors"/>
  <testcase name="getAuthorByBookId" time="0.363" classname="com.pratian.apiassignemt.tests.books.GetAuthors"/>
  <testcase name="getAuthorByBookId" time="0.339" classname="com.pratian.apiassignemt.tests.books.GetAuthors"/>
  <testcase name="getAuthorById" time="0.347" classname="com.pratian.apiassignemt.tests.books.GetAuthors"/>
  <testcase name="getAuthorById" time="0.328" classname="com.pratian.apiassignemt.tests.books.GetAuthors"/>
  <testcase name="getAuthorByBookId" time="0.309" classname="com.pratian.apiassignemt.tests.books.GetAuthors"/>
  <testcase name="getActivities" time="0.354" classname="com.pratian.apiassignemt.tests.books.GetAuthors"/>
</testsuite> <!-- com.pratian.apiassignemt.tests.books.GetAuthors -->
