<?xml version="1.0" encoding="UTF-8"?>
<!-- Generated by org.testng.reporters.JUnitReportReporter -->
<testsuite skipped="0" hostname="PT-PTL-034" name="com.pratian.apiassignemt.tests.activities.PostActivity" tests="4" failures="0" timestamp="07 Feb 2020 08:58:33 GMT" time="3.509" errors="0">
  <testcase name="post" time="0.396" classname="com.pratian.apiassignemt.tests.activities.PostActivity"/>
  <testcase name="post" time="2.380" classname="com.pratian.apiassignemt.tests.activities.PostActivity"/>
  <testcase name="post" time="0.360" classname="com.pratian.apiassignemt.tests.activities.PostActivity"/>
  <testcase name="post" time="0.373" classname="com.pratian.apiassignemt.tests.activities.PostActivity"/>
</testsuite> <!-- com.pratian.apiassignemt.tests.activities.PostActivity -->
