<?xml version="1.0" encoding="UTF-8"?>
<!-- Generated by org.testng.reporters.JUnitReportReporter -->
<testsuite skipped="0" hostname="PT-PTL-034" name="com.pratian.apiassignemt.tests.GetAuthors" tests="7" failures="0" timestamp="06 Feb 2020 04:28:25 GMT" time="3.513" errors="0">
  <testcase name="getAuthorById" time="0.563" classname="com.pratian.apiassignemt.tests.GetAuthors"/>
  <testcase name="getAuthorById" time="0.472" classname="com.pratian.apiassignemt.tests.GetAuthors"/>
  <testcase name="getAuthorById" time="0.589" classname="com.pratian.apiassignemt.tests.GetAuthors"/>
  <testcase name="getAuthorByBookId" time="0.435" classname="com.pratian.apiassignemt.tests.GetAuthors"/>
  <testcase name="getAuthorByBookId" time="0.523" classname="com.pratian.apiassignemt.tests.GetAuthors"/>
  <testcase name="getActivities" time="0.458" classname="com.pratian.apiassignemt.tests.GetAuthors"/>
  <testcase name="getAuthorByBookId" time="0.473" classname="com.pratian.apiassignemt.tests.GetAuthors"/>
</testsuite> <!-- com.pratian.apiassignemt.tests.GetAuthors -->
