<?xml version="1.0" encoding="UTF-8"?>
<!-- Generated by org.testng.reporters.JUnitReportReporter -->
<testsuite skipped="0" hostname="PT-PTL-034" name="com.pratian.apiassignemt.tests.activities.GetActivities" tests="4" failures="0" timestamp="07 Feb 2020 08:58:33 GMT" time="1.336" errors="0">
  <testcase name="getActivitiesById" time="0.349" classname="com.pratian.apiassignemt.tests.activities.GetActivities"/>
  <testcase name="getActivitiesById" time="0.343" classname="com.pratian.apiassignemt.tests.activities.GetActivities"/>
  <testcase name="getActivities" time="0.300" classname="com.pratian.apiassignemt.tests.activities.GetActivities"/>
  <testcase name="getActivitiesById" time="0.344" classname="com.pratian.apiassignemt.tests.activities.GetActivities"/>
</testsuite> <!-- com.pratian.apiassignemt.tests.activities.GetActivities -->
