<?xml version="1.0" encoding="UTF-8"?>
<!-- Generated by org.testng.reporters.JUnitReportReporter -->
<testsuite skipped="0" hostname="PT-PTL-034" name="com.pratian.apiassignemt.tests.DeleteActivities" tests="3" failures="0" timestamp="06 Feb 2020 04:28:25 GMT" time="2.920" errors="0">
  <testcase name="delete" time="1.915" classname="com.pratian.apiassignemt.tests.DeleteActivities"/>
  <testcase name="delete" time="0.512" classname="com.pratian.apiassignemt.tests.DeleteActivities"/>
  <testcase name="delete" time="0.493" classname="com.pratian.apiassignemt.tests.DeleteActivities"/>
</testsuite> <!-- com.pratian.apiassignemt.tests.DeleteActivities -->
