<?xml version="1.0" encoding="UTF-8"?>
<!-- Generated by org.testng.reporters.JUnitReportReporter -->
<testsuite skipped="0" hostname="PT-PTL-034" name="com.pratian.apiassignemt.tests.PostActivity" tests="4" failures="0" timestamp="06 Feb 2020 04:28:25 GMT" time="1.806" errors="0">
  <testcase name="post" time="0.493" classname="com.pratian.apiassignemt.tests.PostActivity"/>
  <testcase name="post" time="0.424" classname="com.pratian.apiassignemt.tests.PostActivity"/>
  <testcase name="post" time="0.418" classname="com.pratian.apiassignemt.tests.PostActivity"/>
  <testcase name="post" time="0.471" classname="com.pratian.apiassignemt.tests.PostActivity"/>
</testsuite> <!-- com.pratian.apiassignemt.tests.PostActivity -->
