<?xml version="1.0" encoding="UTF-8"?>
<!-- Generated by org.testng.reporters.JUnitReportReporter -->
<testsuite skipped="0" hostname="PT-PTL-034" name="com.pratian.apiassignemt.tests.activities.DeleteActivities" tests="3" failures="0" timestamp="07 Feb 2020 08:58:33 GMT" time="0.957" errors="0">
  <testcase name="delete" time="0.313" classname="com.pratian.apiassignemt.tests.activities.DeleteActivities"/>
  <testcase name="delete" time="0.317" classname="com.pratian.apiassignemt.tests.activities.DeleteActivities"/>
  <testcase name="delete" time="0.327" classname="com.pratian.apiassignemt.tests.activities.DeleteActivities"/>
</testsuite> <!-- com.pratian.apiassignemt.tests.activities.DeleteActivities -->
