<?xml version="1.0" encoding="UTF-8"?>
<!-- Generated by org.testng.reporters.JUnitReportReporter -->
<testsuite skipped="0" hostname="PT-PTL-034" name="com.pratian.apiassignemt.tests.activities.PutActivities" tests="4" failures="0" timestamp="07 Feb 2020 08:58:33 GMT" time="1.533" errors="0">
  <testcase name="put" time="0.353" classname="com.pratian.apiassignemt.tests.activities.PutActivities"/>
  <testcase name="put" time="0.407" classname="com.pratian.apiassignemt.tests.activities.PutActivities"/>
  <testcase name="put" time="0.384" classname="com.pratian.apiassignemt.tests.activities.PutActivities"/>
  <testcase name="put" time="0.389" classname="com.pratian.apiassignemt.tests.activities.PutActivities"/>
</testsuite> <!-- com.pratian.apiassignemt.tests.activities.PutActivities -->
