<?xml version="1.0" encoding="UTF-8"?>
<!-- Generated by org.testng.reporters.JUnitReportReporter -->
<testsuite skipped="0" hostname="PT-PTL-034" name="com.pratian.apiassignemt.tests.GetActivities" tests="4" failures="0" timestamp="06 Feb 2020 04:28:25 GMT" time="1.466" errors="0">
  <testcase name="getActivitiesById" time="0.346" classname="com.pratian.apiassignemt.tests.GetActivities"/>
  <testcase name="getActivitiesById" time="0.341" classname="com.pratian.apiassignemt.tests.GetActivities"/>
  <testcase name="getActivities" time="0.451" classname="com.pratian.apiassignemt.tests.GetActivities"/>
  <testcase name="getActivitiesById" time="0.328" classname="com.pratian.apiassignemt.tests.GetActivities"/>
</testsuite> <!-- com.pratian.apiassignemt.tests.GetActivities -->
