<?xml version="1.0" encoding="UTF-8"?>
<!-- Generated by org.testng.reporters.JUnitReportReporter -->
<testsuite skipped="0" hostname="PT-PTL-034" name="com.pratian.apiassignemt.tests.PutActivities" tests="4" failures="0" timestamp="06 Feb 2020 04:28:25 GMT" time="2.925" errors="0">
  <testcase name="put" time="0.550" classname="com.pratian.apiassignemt.tests.PutActivities"/>
  <testcase name="put" time="0.630" classname="com.pratian.apiassignemt.tests.PutActivities"/>
  <testcase name="put" time="1.221" classname="com.pratian.apiassignemt.tests.PutActivities"/>
  <testcase name="put" time="0.524" classname="com.pratian.apiassignemt.tests.PutActivities"/>
</testsuite> <!-- com.pratian.apiassignemt.tests.PutActivities -->
