<?xml version="1.0" encoding="UTF-8"?>
<!-- Generated by org.testng.reporters.JUnitReportReporter -->
<testsuite hostname="PT-PTL-034" name="com.pratian.apiassignment.tests.memberservice.SearchMemberByFactor" tests="1" failures="0" timestamp="7 Feb 2020 09:43:54 GMT" time="10.097" errors="0">
  <testcase name="post" time="10.097" classname="com.pratian.apiassignment.tests.memberservice.SearchMemberByFactor"/>
</testsuite> <!-- com.pratian.apiassignment.tests.memberservice.SearchMemberByFactor -->
