<?xml version="1.0" encoding="UTF-8"?>
<!-- Generated by org.testng.reporters.JUnitReportReporter -->
<testsuite skipped="0" hostname="PT-PTL-034" name="com.pratian.apiassignment.tests.memberservice.SearchMemberResultPost" tests="1" failures="0" timestamp="07 Feb 2020 08:58:33 GMT" time="7.795" errors="0">
  <testcase name="post" time="7.795" classname="com.pratian.apiassignment.tests.memberservice.SearchMemberResultPost"/>
</testsuite> <!-- com.pratian.apiassignment.tests.memberservice.SearchMemberResultPost -->
